build/app/outputs/mapping/release/seeds.txt
com.example.spotless.MainActivity
com.example.spotless.MainActivity: MainActivity()
...
androidx.window.embedding.SplitInfo: float getSplitRatio()
androidx.appcompat.view.menu.ExpandedMenuView: ExpandedMenuView(android.content.Context,android.util.AttributeSet)
androidx.window.layout.ActivityCompatHelperApi30: android.graphics.Rect maximumWindowBounds(android.app.Activity)
io.flutter.embedding.engine.FlutterJNI: void addEngineLifecycleListener(io.flutter.embedding.engine.FlutterEngine$EngineLifecycleListener)
io.flutter.embedding.engine.FlutterJNI: void invokePlatformMessageResponseCallback(int,java.nio.ByteBuffer,int)
androidx.vectordrawable.graphics.drawable.VectorDrawableCompat$VPath: java.lang.String getPathName()
androidx.appcompat.widget.AppCompatButton: void setSupportBackgroundTintList(android.content.res.ColorStateList)
androidx.core.view.ViewCompat$Api21Impl: android.content.res.ColorStateList getBackgroundTintList(android.view.View)
com.google.firebase.analytics.FirebaseAnalytics: com.google.android.gms.measurement.internal.zzie getScionFrontendApiImplementation(android.content.Context,android.os.Bundle)
com.onesignal.OSNotificationRestoreWorkManager$NotificationRestoreWorker: OSNotificationRestoreWorkManager$NotificationRestoreWorker(android.content.Context,androidx.work.WorkerParameters)
kotlin.coroutines.intrinsics.CoroutineSingletons: kotlin.coroutines.intrinsics.CoroutineSingletons valueOf(java.lang.String)
androidx.core.graphics.drawable.DrawableCompat$Api21Impl: void setTintMode(android.graphics.drawable.Drawable,android.graphics.PorterDuff$Mode)
androidx.core.widget.NestedScrollView: NestedScrollView(android.content.Context,android.util.AttributeSet)
com.dexterous.flutterlocalnotifications.utils.BooleanUtils: boolean getValue(java.lang.Boolean)
io.flutter.view.AccessibilityBridge$Action: io.flutter.view.AccessibilityBridge$Action valueOf(java.lang.String)
io.flutter.plugin.editing.TextInputPlugin$InputTarget$Type: io.flutter.plugin.editing.TextInputPlugin$InputTarget$Type[] values()
androidx.window.layout.SidecarWindowBackend$WindowLayoutChangeCallbackWrapper: void accept(androidx.window.layout.WindowLayoutInfo)
androidx.core.widget.ImageViewCompat$Api21Impl: android.content.res.ColorStateList getImageTintList(android.widget.ImageView)
com.google.firebase.installations.FirebaseInstallationsRegistrar: java.util.List getComponents()
com.google.android.datatransport.Priority: com.google.android.datatransport.Priority valueOf(java.lang.String)
androidx.core.widget.TextViewCompat$Api24Impl: android.icu.text.DecimalFormatSymbols getInstance(java.util.Locale)
androidx.core.view.ViewCompat$Api20Impl: void requestApplyInsets(android.view.View)
androidx.window.core.Version: androidx.window.core.Version access$getVERSION_1_0$cp()
androidx.core.view.ViewCompat$Api29Impl: void setSystemGestureExclusionRects(android.view.View,java.util.List)
com.dexterous.flutterlocalnotifications.FlutterLocalNotificationsPlugin: com.google.gson.Gson buildGson()
androidx.lifecycle.Lifecycle$Event: androidx.lifecycle.Lifecycle$Event valueOf(java.lang.String)
androidx.window.layout.HardwareFoldingFeature$Type$Companion: androidx.window.layout.HardwareFoldingFeature$Type getFOLD()
androidx.vectordrawable.graphics.drawable.VectorDrawableCompat$VectorDrawableCompatState: int getChangingConfigurations()
com.google.android.gms.measurement.internal.AppMeasurementDynamiteService: void logEventAndBundle(java.lang.String,java.lang.String,android.os.Bundle,com.google.android.gms.internal.measurement.zzcf,long)
androidx.window.embedding.SplitRuleParser: androidx.window.embedding.ActivityRule parseSplitActivityRule(android.content.Context,android.content.res.XmlResourceParser)
androidx.appcompat.widget.SearchView: SearchView(android.content.Context,android.util.AttributeSet)
androidx.window.embedding.SplitController: java.util.concurrent.locks.ReentrantLock access$getGlobalLock$cp()
androidx.appcompat.widget.AppCompatTextView: void setLastBaselineToBottomHeight(int)