build/app/outputs/mapping/release/mapping.txt
# compiler: R8
# compiler_version: 3.1.66
# min_api: 21
# pg_map_id: 48b39e0
# common_typos_disable
# {"id":"com.android.tools.r8.mapping","version":"1.0"}
...
com.google.gson.internal.Streams$AppendableWriter -> g4.l$a:
    com.google.gson.internal.Streams$AppendableWriter$CurrentWrite currentWrite -> n
    java.lang.Appendable appendable -> m
com.google.gson.internal.Streams$AppendableWriter$CurrentWrite -> g4.l$a$a:
    char[] chars -> m
com.google.gson.internal.UnsafeAllocator -> g4.m:
    void assertInstantiable(java.lang.Class) -> a
    com.google.gson.internal.UnsafeAllocator create() -> b
    java.lang.Object newInstance(java.lang.Class) -> c
com.google.gson.internal.UnsafeAllocator$1 -> g4.m$a:
    java.lang.Object val$unsafe -> b
    java.lang.reflect.Method val$allocateInstance -> a
    java.lang.Object newInstance(java.lang.Class) -> c
com.google.gson.internal.UnsafeAllocator$2 -> g4.m$b:
    int val$constructorId -> b
    java.lang.reflect.Method val$newInstance -> a
    java.lang.Object newInstance(java.lang.Class) -> c
com.google.gson.internal.UnsafeAllocator$3 -> g4.m$c:
    java.lang.reflect.Method val$newInstance -> a
    java.lang.Object newInstance(java.lang.Class) -> c
com.google.gson.internal.UnsafeAllocator$4 -> g4.m$d:
    java.lang.Object newInstance(java.lang.Class) -> c
com.google.gson.internal.bind.ArrayTypeAdapter -> h4.a:
    com.google.gson.TypeAdapterFactory FACTORY -> c
    com.google.gson.TypeAdapter componentTypeAdapter -> b
    java.lang.Class componentType -> a
    java.lang.Object read(com.google.gson.stream.JsonReader) -> c
    void write(com.google.gson.stream.JsonWriter,java.lang.Object) -> e
com.google.gson.internal.bind.ArrayTypeAdapter$1 -> h4.a$a:
com.google.gson.internal.bind.CollectionTypeAdapterFactory -> h4.b:
    com.google.gson.internal.ConstructorConstructor constructorConstructor -> m
com.google.gson.internal.bind.CollectionTypeAdapterFactory$Adapter -> h4.b$a:
    com.google.gson.internal.ObjectConstructor constructor -> b
    com.google.gson.TypeAdapter elementTypeAdapter -> a
    java.lang.Object read(com.google.gson.stream.JsonReader) -> c
    void write(com.google.gson.stream.JsonWriter,java.lang.Object) -> e
    java.util.Collection read(com.google.gson.stream.JsonReader) -> f
    void write(com.google.gson.stream.JsonWriter,java.util.Collection) -> g
com.google.gson.internal.bind.DateTypeAdapter -> h4.c:
    java.util.List dateFormats -> a
    com.google.gson.TypeAdapterFactory FACTORY -> b
    java.lang.Object read(com.google.gson.stream.JsonReader) -> c
    void write(com.google.gson.stream.JsonWriter,java.lang.Object) -> e
    java.util.Date deserializeToDate(java.lang.String) -> f
    java.util.Date read(com.google.gson.stream.JsonReader) -> g
    void write(com.google.gson.stream.JsonWriter,java.util.Date) -> h
com.google.gson.internal.bind.DateTypeAdapter$1 -> h4.c$a:
com.google.gson.internal.bind.DefaultDateTypeAdapter -> h4.d:
    java.util.List dateFormats -> b
    com.google.gson.internal.bind.DefaultDateTypeAdapter$DateType dateType -> a
    java.lang.Object read(com.google.gson.stream.JsonReader) -> c
    void write(com.google.gson.stream.JsonWriter,java.lang.Object) -> e
    java.util.Date deserializeToDate(java.lang.String) -> f
    java.util.Date read(com.google.gson.stream.JsonReader) -> g
    void write(com.google.gson.stream.JsonWriter,java.util.Date) -> h
com.google.gson.internal.bind.DefaultDateTypeAdapter$1 -> h4.d$a:
com.google.gson.internal.bind.DefaultDateTypeAdapter$DateType -> h4.d$b:
    java.lang.Class dateClass -> a
    com.google.gson.internal.bind.DefaultDateTypeAdapter$DateType DATE -> b
    com.google.gson.TypeAdapterFactory createAdapterFactory(int,int) -> a
    com.google.gson.TypeAdapterFactory createAdapterFactory(java.lang.String) -> b
    com.google.gson.TypeAdapterFactory createFactory(com.google.gson.internal.bind.DefaultDateTypeAdapter) -> c
    java.util.Date deserialize(java.util.Date) -> d
com.google.gson.internal.bind.DefaultDateTypeAdapter$DateType$1 -> h4.d$b$a:
    java.util.Date deserialize(java.util.Date) -> d